<?xml version="1.0" encoding="UTF-8"?>
<!-- Generated by org.testng.reporters.JUnitXMLReporter -->
<testsuite hostname="Flavios-MBP" ignored="0" name="Default test" tests="11" failures="0" timestamp="19 Oct 2017 15:30:15 GMT" time="2.2" errors="0">
  <testcase name="beforeMethod" time="0.004" classname="com.db.awmd.challenge.MultiThreadAccountsServiceTest"/>
  <testcase name="makeMultipleTransfer" time="0.438" classname="com.db.awmd.challenge.MultiThreadAccountsServiceTest"/>
  <testcase name="makeMultipleTransfer" time="0.464" classname="com.db.awmd.challenge.MultiThreadAccountsServiceTest"/>
  <testcase name="makeMultipleTransfer" time="0.466" classname="com.db.awmd.challenge.MultiThreadAccountsServiceTest"/>
  <testcase name="makeMultipleTransfer" time="0.471" classname="com.db.awmd.challenge.MultiThreadAccountsServiceTest"/>
  <testcase name="makeMultipleTransfer" time="0.474" classname="com.db.awmd.challenge.MultiThreadAccountsServiceTest"/>
  <testcase name="makeMultipleTransfer" time="0.48" classname="com.db.awmd.challenge.MultiThreadAccountsServiceTest"/>
  <testcase name="makeMultipleTransfer" time="0.479" classname="com.db.awmd.challenge.MultiThreadAccountsServiceTest"/>
  <testcase name="makeMultipleTransfer" time="0.484" classname="com.db.awmd.challenge.MultiThreadAccountsServiceTest"/>
  <testcase name="makeMultipleTransfer" time="0.476" classname="com.db.awmd.challenge.MultiThreadAccountsServiceTest"/>
  <testcase name="makeMultipleTransfer" time="0.516" classname="com.db.awmd.challenge.MultiThreadAccountsServiceTest"/>
</testsuite> <!-- Default test -->
